<?xml version="1.0" encoding="UTF-8"?>
<!-- Generated by org.testng.reporters.JUnitXMLReporter -->
<testsuite ignored="0" hostname="Ryota" failures="0" tests="4" name="Default test" time="0.657" errors="0" timestamp="2024-09-02T17:11:20 AST">
  <testcase classname="MyTestCases" name="addData" time="0.046"/>
  <testcase classname="MyTestCases" name="deleteData" time="0.005"/>
  <testcase classname="MyTestCases" name="selectData" time="0.029"/>
  <testcase classname="MyTestCases" name="updateData" time="0.002"/>
</testsuite> <!-- Default test -->
