<?xml version="1.0" encoding="UTF-8"?>
<testng-results ignored="0" total="4" passed="4" failed="0" skipped="0">
  <reporter-output>
  </reporter-output>
  <suite started-at="2024-09-02T17:11:19 AST" name="Default suite" finished-at="2024-09-02T17:11:20 AST" duration-ms="657">
    <groups>
    </groups>
    <test started-at="2024-09-02T17:11:19 AST" name="Default test" finished-at="2024-09-02T17:11:20 AST" duration-ms="657">
      <class name="MyTestCases">
        <test-method is-config="true" signature="mySetup()[pri:0, instance:MyTestCases@273e7444]" started-at="2024-09-02T17:11:19 AST" name="mySetup" finished-at="2024-09-02T17:11:20 AST" duration-ms="540" status="PASS">
          <reporter-output>
          </reporter-output>
        </test-method> <!-- mySetup -->
        <test-method signature="addData()[pri:0, instance:MyTestCases@273e7444]" started-at="2024-09-02T17:11:20 AST" name="addData" finished-at="2024-09-02T17:11:20 AST" duration-ms="46" status="PASS">
          <reporter-output>
          </reporter-output>
        </test-method> <!-- addData -->
        <test-method signature="deleteData()[pri:0, instance:MyTestCases@273e7444]" started-at="2024-09-02T17:11:20 AST" name="deleteData" finished-at="2024-09-02T17:11:20 AST" duration-ms="5" status="PASS">
          <reporter-output>
          </reporter-output>
        </test-method> <!-- deleteData -->
        <test-method signature="selectData()[pri:0, instance:MyTestCases@273e7444]" started-at="2024-09-02T17:11:20 AST" name="selectData" finished-at="2024-09-02T17:11:20 AST" duration-ms="29" status="PASS">
          <reporter-output>
          </reporter-output>
        </test-method> <!-- selectData -->
        <test-method signature="updateData()[pri:0, instance:MyTestCases@273e7444]" started-at="2024-09-02T17:11:20 AST" name="updateData" finished-at="2024-09-02T17:11:20 AST" duration-ms="2" status="PASS">
          <reporter-output>
          </reporter-output>
        </test-method> <!-- updateData -->
      </class> <!-- MyTestCases -->
    </test> <!-- Default test -->
  </suite> <!-- Default suite -->
</testng-results>
